#-----------------------------------------------------------
# Vivado v2016.4 (64-bit)
# SW Build 1756540 on Mon Jan 23 19:11:23 MST 2017
# IP Build 1755317 on Mon Jan 23 20:30:07 MST 2017
# Start of session at: Sun Feb 16 16:04:37 2020
# Process ID: 2264
# Current directory: C:/Users/carlo/Downloads/lab_3/project_3_4
# Command line: vivado.exe -gui_launcher_event rodinguilauncherevent13748 C:\Users\carlo\Downloads\lab_3\project_3_4\project_3_4.xpr
# Log file: C:/Users/carlo/Downloads/lab_3/project_3_4/vivado.log
# Journal file: C:/Users/carlo/Downloads/lab_3/project_3_4\vivado.jou
#-----------------------------------------------------------
start_gui
open_project C:/Users/carlo/Downloads/lab_3/project_3_4/project_3_4.xpr
Scanning sources...
Finished scanning sources
INFO: [IP_Flow 19-234] Refreshing IP repositories
INFO: [IP_Flow 19-1704] No user IP repositories specified
INFO: [IP_Flow 19-2313] Loaded Vivado IP repository 'C:/Xilinx/Vivado/2016.4/data/ip'.
open_project: Time (s): cpu = 00:00:09 ; elapsed = 00:00:05 . Memory (MB): peak = 844.117 ; gain = 159.813
archive_project C:/Users/carlo/Downloads/lab_3/project_3_4.xpr.zip -temp_dir C:/Users/carlo/Downloads/lab_3/project_3_4/.Xil/Vivado-2264-DESKTOP-4INRPJ4 -force -exclude_run_results -include_config_settings
INFO: [Coretcl 2-137] starting archive...
INFO: [Coretcl 2-1499] Saving project copy to temporary location 'C:/Users/carlo/Downloads/lab_3/project_3_4/.Xil/Vivado-2264-DESKTOP-4INRPJ4' for archiving project
Scanning sources...
Finished scanning sources
INFO: [Coretcl 2-1211] Creating project copy for archival...
INFO: [ProjectBase 1-495] The host OS only allows 260 characters in a normal path. The project is stored in a path with more than 80 characters. If you experience any problem with archiving the project, please consider setting environment variable $TEMP to a shorter path.
Current project path is 'C:/Users/carlo/Downloads/lab_3/project_3_4/.Xil/Vivado-2264-DESKTOP-4INRPJ4/PrjAr/_X_'.
INFO: [Coretcl 2-135] resetting runs for excluding generated files from archive...
WARNING: [Coretcl 2-105] Run 'synth_1' is currently active
INFO: [Coretcl 2-133] re-setting run 'synth_1'...
INFO: [Coretcl 2-133] re-setting run 'impl_1'...
INFO: [Coretcl 2-1209] Adding archive summary file to the project...
INFO: [Coretcl 2-1214] Preparing project files for archive...
INFO: [Coretcl 2-1210] Compressing project files and data...
INFO: [Coretcl 2-1215] Project archived (C:/Users/carlo/Downloads/lab_3/project_3_4.xpr.zip)
INFO: [Coretcl 2-1216] To view the archive summary log in GUI, double click on 'Design Sources->Text->archive_project_summary.txt', or open this file from the archived project directory.
exit
INFO: [Common 17-206] Exiting Vivado at Sun Feb 16 16:05:39 2020...
