
*** Running vivado
    with args -log codon_mem.vds -m64 -product Vivado -mode batch -messageDb vivado.pb -notrace -source codon_mem.tcl


****** Vivado v2016.4 (64-bit)
  **** SW Build 1756540 on Mon Jan 23 19:11:23 MST 2017
  **** IP Build 1755317 on Mon Jan 23 20:30:07 MST 2017
    ** Copyright 1986-2016 Xilinx, Inc. All Rights Reserved.

source codon_mem.tcl -notrace
Starting RTL Elaboration : Time (s): cpu = 00:00:16 ; elapsed = 00:00:25 . Memory (MB): peak = 339.098 ; gain = 128.914
INFO: [Synth 8-638] synthesizing module 'codon_mem' [c:/Users/carlo/OneDrive - University of Idaho/UofI_19-20/Spring_2020/ECE_440/lab_8/port3116-440-p8-attempt2/project_8_3/project_8_3.srcs/sources_1/ip/codon_mem/synth/codon_mem.vhd:66]
INFO: [Synth 8-256] done synthesizing module 'codon_mem' (4#1) [c:/Users/carlo/OneDrive - University of Idaho/UofI_19-20/Spring_2020/ECE_440/lab_8/port3116-440-p8-attempt2/project_8_3/project_8_3.srcs/sources_1/ip/codon_mem/synth/codon_mem.vhd:66]
Finished RTL Elaboration : Time (s): cpu = 00:00:18 ; elapsed = 00:00:27 . Memory (MB): peak = 377.191 ; gain = 167.008
Finished RTL Optimization Phase 1 : Time (s): cpu = 00:00:18 ; elapsed = 00:00:27 . Memory (MB): peak = 377.191 ; gain = 167.008
INFO: [Device 21-403] Loading part xc7z010clg400-1
Constraint Validation Runtime : Time (s): cpu = 00:00:00 ; elapsed = 00:00:00.018 . Memory (MB): peak = 586.648 ; gain = 0.000
Finished Constraint Validation : Time (s): cpu = 00:00:34 ; elapsed = 00:00:48 . Memory (MB): peak = 586.648 ; gain = 376.465
Finished Loading Part and Timing Information : Time (s): cpu = 00:00:34 ; elapsed = 00:00:48 . Memory (MB): peak = 586.648 ; gain = 376.465
Finished applying 'set_property' XDC Constraints : Time (s): cpu = 00:00:34 ; elapsed = 00:00:48 . Memory (MB): peak = 586.648 ; gain = 376.465
Finished RTL Optimization Phase 2 : Time (s): cpu = 00:00:34 ; elapsed = 00:00:48 . Memory (MB): peak = 586.648 ; gain = 376.465
Finished Cross Boundary and Area Optimization : Time (s): cpu = 00:00:35 ; elapsed = 00:00:49 . Memory (MB): peak = 586.648 ; gain = 376.465
---------------------------------------------------------------------------------
Start ROM, RAM, DSP and Shift Register Reporting
---------------------------------------------------------------------------------

ROM:
+---------------------+------------------------------------------------------+---------------+----------------+
|Module Name          | RTL Object                                           | Depth x Width | Implemented As | 
+---------------------+------------------------------------------------------+---------------+----------------+
|rom                  | rom[31]                                              | 32x4          | LUT            | 
|dist_mem_gen_v8_0_11 | synth_options.dist_mem_inst/gen_rom.rom_inst/rom[31] | 32x4          | LUT            | 
+---------------------+------------------------------------------------------+---------------+----------------+

---------------------------------------------------------------------------------
Finished ROM, RAM, DSP and Shift Register Reporting
---------------------------------------------------------------------------------
Finished Applying XDC Timing Constraints : Time (s): cpu = 00:00:54 ; elapsed = 00:01:13 . Memory (MB): peak = 622.555 ; gain = 412.371
Finished Timing Optimization : Time (s): cpu = 00:00:54 ; elapsed = 00:01:13 . Memory (MB): peak = 622.555 ; gain = 412.371
Finished Technology Mapping : Time (s): cpu = 00:00:54 ; elapsed = 00:01:13 . Memory (MB): peak = 632.133 ; gain = 421.949
Finished IO Insertion : Time (s): cpu = 00:00:55 ; elapsed = 00:01:15 . Memory (MB): peak = 632.133 ; gain = 421.949
Finished Renaming Generated Instances : Time (s): cpu = 00:00:55 ; elapsed = 00:01:15 . Memory (MB): peak = 632.133 ; gain = 421.949
Finished Rebuilding User Hierarchy : Time (s): cpu = 00:00:55 ; elapsed = 00:01:15 . Memory (MB): peak = 632.133 ; gain = 421.949
Finished Renaming Generated Ports : Time (s): cpu = 00:00:55 ; elapsed = 00:01:15 . Memory (MB): peak = 632.133 ; gain = 421.949
Finished Handling Custom Attributes : Time (s): cpu = 00:00:55 ; elapsed = 00:01:15 . Memory (MB): peak = 632.133 ; gain = 421.949
Finished Renaming Generated Nets : Time (s): cpu = 00:00:55 ; elapsed = 00:01:15 . Memory (MB): peak = 632.133 ; gain = 421.949

Report Cell Usage: 
+------+-----+------+
|      |Cell |Count |
+------+-----+------+
|1     |LUT5 |     4|
+------+-----+------+
Finished Writing Synthesis Report : Time (s): cpu = 00:00:55 ; elapsed = 00:01:15 . Memory (MB): peak = 632.133 ; gain = 421.949
synth_design: Time (s): cpu = 00:00:50 ; elapsed = 00:01:03 . Memory (MB): peak = 656.520 ; gain = 394.598
