Unable to capture context for thread 12748 in process 5116, can not generate back trace
Unable to capture context for thread 6776 in process 5116, can not generate back trace
Unable to capture context for thread 10616 in process 5116, can not generate back trace
Unable to capture context for thread 14048 in process 5116, can not generate back trace
Unable to capture context for thread 3352 in process 5116, can not generate back trace
Exception at PC 0x00007FF90FFBBB93
Printing stacktrace...

Exception at PC 0x00007FF975CAA839
Unable to capture context for thread 10064 in process 5116, can not generate back trace
Unable to capture context for thread 2588 in process 5116, can not generate back trace
Unable to capture context for thread 9640 in process 5116, can not generate back trace
Exception at PC 0x00007FF975CAA839
Exception at PC 0x00007FF975CAA839
Exception at PC 0x00007FF975CAA839
Exception at PC 0x00007FF975CAA839
Exception at PC 0x00007FF975CAA839
Exception at PC 0x00007FF975CAA839
Exception at PC 0x00007FF975CAA839
Exception at PC 0x00007FF975CAA839
Exception at PC 0x00007FF975CAA839
Exception at PC 0x00007FF975CAA839
Exception at PC 0x00007FF975CAA839
Exception at PC 0x00007FF975CAA839
[0]  [0x00007FF90FFBBB93]
[1]  [0x00007FF90FFBBB93]
[2]  [0x00007FF90FFBB4A1]
[3]  [0x00007FF90FFBB459]
[4]  [0x00007FF90FFA19FE]
[5]  [0x00007FF90FFA0ED1]
[6]  [0x00007FF90FFA0D76]
[7]  [0x00007FF90FF479F6]
[8]  [0x00007FF90FF37AFB]
[9]  [0x00007FF91005E90A]
[10]  [0x00007FF910079F87]
[11]  [0x00007FF91007A05F]
[12] (BaseThreadInitThunk+0x14) [0x00007FF977937BD4]
[13] (RtlUserThreadStart+0x21) [0x00007FF9781ECED1]
Done
Exception at PC 0x00007FF975CAA839
Exception at PC 0x00007FF975CAA839
Exception at PC 0x00007FF975CAA839
Exception at PC 0x00007FF975CAA839
Exception at PC 0x00007FF975CAA839
