#-----------------------------------------------------------
# Vivado v2016.4 (64-bit)
# SW Build 1756540 on Mon Jan 23 19:11:23 MST 2017
# IP Build 1755317 on Mon Jan 23 20:30:07 MST 2017
# Start of session at: Fri Mar 06 11:39:38 2020
# Process ID: 10436
# Current directory: C:/Users/carlo/OneDrive - University of Idaho/UofI_19-20/Spring_2020/ECE_440/lab_6/project_6
# Command line: vivado.exe -gui_launcher_event rodinguilauncherevent13516 C:\Users\carlo\OneDrive - University of Idaho\UofI_19-20\Spring_2020\ECE_440\lab_6\project_6\project_6.xpr
# Log file: C:/Users/carlo/OneDrive - University of Idaho/UofI_19-20/Spring_2020/ECE_440/lab_6/project_6/vivado.log
# Journal file: C:/Users/carlo/OneDrive - University of Idaho/UofI_19-20/Spring_2020/ECE_440/lab_6/project_6\vivado.jou
#-----------------------------------------------------------
start_gui
open_project {C:/Users/carlo/OneDrive - University of Idaho/UofI_19-20/Spring_2020/ECE_440/lab_6/project_6/project_6.xpr}
INFO: [ProjectBase 1-489] The host OS only allows 260 characters in a normal path. The project is stored in a path with more than 80 characters. If you experience issues with IP, Block Designs, or files not being found, please consider moving the project to a location with a shorter path. Alternately consider using the OS subst command to map part of the path to a drive letter.
Current project path is 'C:/Users/carlo/OneDrive - University of Idaho/UofI_19-20/Spring_2020/ECE_440/lab_6/project_6'
INFO: [Project 1-313] Project file moved from 'C:/Users/port3116/Desktop/lab_6/project_6' since last save.
Scanning sources...
Finished scanning sources
INFO: [IP_Flow 19-234] Refreshing IP repositories
INFO: [IP_Flow 19-1704] No user IP repositories specified
INFO: [IP_Flow 19-2313] Loaded Vivado IP repository 'C:/Xilinx/Vivado/2016.4/data/ip'.
open_project: Time (s): cpu = 00:00:15 ; elapsed = 00:00:40 . Memory (MB): peak = 777.641 ; gain = 111.352
reset_run synth_1
WARNING: [Vivado 12-1017] Problems encountered:
1. Process appears to be on host 'ECE-BEL215-14' and cannot be killed from host 'DESKTOP-4INRPJ4'
2. Process appears to be on host 'ECE-BEL215-14' and cannot be killed from host 'DESKTOP-4INRPJ4'

reset_run impl_1
reset_run mem_synth_1
WARNING: [Vivado 12-1017] Problems encountered:
1. Process appears to be on host 'ECE-BEL215-14' and cannot be killed from host 'DESKTOP-4INRPJ4'

exit
INFO: [Common 17-206] Exiting Vivado at Fri Mar 06 11:43:24 2020...
