Unable to capture context for thread 7896 in process 13476, can not generate back trace
Unable to capture context for thread 12988 in process 13476, can not generate back trace
Unable to capture context for thread 12096 in process 13476, can not generate back trace
Unable to capture context for thread 5276 in process 13476, can not generate back trace
Unable to capture context for thread 9824 in process 13476, can not generate back trace
Unable to capture context for thread 2120 in process 13476, can not generate back trace
Unable to capture context for thread 12384 in process 13476, can not generate back trace
Exception at PC 0x00007FFDE22CBB93
Printing stacktrace...

Exception at PC 0x00007FFE4E4DA839
Exception at PC 0x00007FFE4E4DA839
Exception at PC 0x00007FFE4E4DA839
Exception at PC 0x00007FFE4E4DA839
Exception at PC 0x00007FFE4E4DA839
Exception at PC 0x00007FFE4E4DA839
Exception at PC 0x00007FFE4E4DA839
Exception at PC 0x00007FFE4E4DA839
Exception at PC 0x00007FFE4E4DA839
Exception at PC 0x00007FFE4E4DA839
Exception at PC 0x00007FFE4E4DA839
Exception at PC 0x00007FFE4E4DA839
Exception at PC 0x00007FFE4E4DA839
Exception at PC 0x00007FFE4E4DA839
Exception at PC 0x00007FFE4E4DA839
[0]  [0x00007FFDE22CBB93]
[1]  [0x00007FFDE22CBB93]
[2]  [0x00007FFDE22CB4A1]
[3]  [0x00007FFDE22CB459]
[4]  [0x00007FFDE22B19FE]
[5]  [0x00007FFDE22B0ED1]
[6]  [0x00007FFDE22B0D76]
[7]  [0x00007FFDE22579F6]
[8]  [0x00007FFDE2247AFB]
[9]  [0x00007FFDE236E90A]
[10]  [0x00007FFDE2389F87]
[11]  [0x00007FFDE238A05F]
[12] (BaseThreadInitThunk+0x14) [0x00007FFE50777BD4]
[13] (RtlUserThreadStart+0x21) [0x00007FFE50A4CED1]
Done
Exception at PC 0x00007FFE4E4DA839
Exception at PC 0x00007FFE4E4DA839
Exception at PC 0x00007FFE4E4DA839
Exception at PC 0x00007FFE4E4DA839
Exception at PC 0x00007FFE4E4DA839
Exception at PC 0x00007FFE4E4DA839
Exception at PC 0x00007FFE4E4DA839
Exception at PC 0x00007FFE4E4DA839
Exception at PC 0x00007FFE4E4DA839
Exception at PC 0x00007FFE4E4DA839
Exception at PC 0x00007FFE4E4DA839
Exception at PC 0x00007FFE4E4DA839
Exception at PC 0x00007FFE4E4DA839
Exception at PC 0x00007FFE4E4DA839
Exception at PC 0x00007FFE4E4DA839
Exception at PC 0x00007FFE4E4DA839
Exception at PC 0x00007FFE4E4DA839
Exception at PC 0x00007FFE4E4DA839
Exception at PC 0x00007FFE4E4DA839
Exception at PC 0x00007FFE4E4DA839
Exception at PC 0x00007FFE4E4DA839
Exception at PC 0x00007FFE4E4DA839
Exception at PC 0x00007FFE4E4DA839
Exception at PC 0x00007FFE4E4DA839
Exception at PC 0x00007FFE4E4DA839
Exception at PC 0x00007FFE4E4DA839
Exception at PC 0x00007FFE4E4DA839
Exception at PC 0x00007FFE4E4DA839
Exception at PC 0x00007FFE4E4DA839
Exception at PC 0x00007FFE4E4DA839
Exception at PC 0x00007FFE4E4DA839
Exception at PC 0x00007FFE4E4DA839
Exception at PC 0x00007FFE4E4DA839
Exception at PC 0x00007FFE4E4DA839
Unable to capture context for thread 8132 in process 13476, can not generate back trace
Exception at PC 0x00007FFE4E4DA839
Exception at PC 0x00007FFE4E4DA839
Exception at PC 0x00007FFE4E4DA839
Exception at PC 0x00007FFE4E4DA839
Exception at PC 0x00007FFE4E4DA839
Exception at PC 0x00007FFE4E4DA839
Exception at PC 0x00007FFE4E4DA839
Exception at PC 0x00007FFE4E4DA839
Exception at PC 0x00007FFE4E4DA839
Exception at PC 0x00007FFE4E4DA839
Exception at PC 0x00007FFE4E4DA839
Exception at PC 0x00007FFE4E4DA839
Exception at PC 0x00007FFE4E4DA839
