Unable to capture context for thread 4964 in process 8952, can not generate back trace
Unable to capture context for thread 14696 in process 8952, can not generate back trace
Unable to capture context for thread 15148 in process 8952, can not generate back trace
Unable to capture context for thread 10108 in process 8952, can not generate back trace
Unable to capture context for thread 14144 in process 8952, can not generate back trace
Unable to capture context for thread 13924 in process 8952, can not generate back trace
Unable to capture context for thread 10180 in process 8952, can not generate back trace
Exception at PC 0x00007FF90FFBBB93
Printing stacktrace...

Exception at PC 0x00007FF975CAA839
Exception at PC 0x00007FF975CAA839
Unable to capture context for thread 13692 in process 8952, can not generate back trace
Exception at PC 0x00007FF975CAA839
Exception at PC 0x00007FF975CAA839
Exception at PC 0x00007FF975CAA839
Exception at PC 0x00007FF975CAA839
Exception at PC 0x00007FF975CAA839
Exception at PC 0x00007FF975CAA839
Exception at PC 0x00007FF975CAA839
Exception at PC 0x00007FF975CAA839
Exception at PC 0x00007FF975CAA839
Exception at PC 0x00007FF975CAA839
Exception at PC 0x00007FF975CAA839
[0]  [0x00007FF90FFBBB93]
[1]  [0x00007FF90FFBBB93]
[2]  [0x00007FF90FFBB4A1]
[3]  [0x00007FF90FFBB459]
[4]  [0x00007FF90FFA19FE]
[5]  [0x00007FF90FFA0ED1]
[6]  [0x00007FF90FFA0D76]
[7]  [0x00007FF90FF479F6]
[8]  [0x00007FF90FF37AFB]
[9]  [0x00007FF91005E90A]
[10]  [0x00007FF910079F87]
[11]  [0x00007FF91007A05F]
[12] (BaseThreadInitThunk+0x14) [0x00007FF977937BD4]
[13] (RtlUserThreadStart+0x21) [0x00007FF9781ECED1]
Done
Exception at PC 0x00007FF975CAA839
Exception at PC 0x00007FF975CAA839
Exception at PC 0x00007FF975CAA839
Exception at PC 0x00007FF975CAA839
Exception at PC 0x00007FF975CAA839
