Unable to capture context for thread 31052 in process 12120, can not generate back trace
Unable to capture context for thread 36688 in process 12120, can not generate back trace
Unable to capture context for thread 43536 in process 12120, can not generate back trace
Unable to capture context for thread 12160 in process 12120, can not generate back trace
Unable to capture context for thread 46548 in process 12120, can not generate back trace
Unable to capture context for thread 32044 in process 12120, can not generate back trace
Unable to capture context for thread 27256 in process 12120, can not generate back trace
Exception at PC 0x00007FFB5618BB93
Printing stacktrace...

Exception at PC 0x00007FFBE1E0A839
Exception at PC 0x00007FFBE1E0A839
Exception at PC 0x00007FFBE1E0A839
Exception at PC 0x00007FFBE1E0A839
Exception at PC 0x00007FFBE1E0A839
Exception at PC 0x00007FFBE1E0A839
Exception at PC 0x00007FFBE1E0A839
Exception at PC 0x00007FFBE1E0A839
Exception at PC 0x00007FFBE1E0A839
Exception at PC 0x00007FFBE1E0A839
Exception at PC 0x00007FFBE1E0A839
Exception at PC 0x00007FFBE1E0A839
Exception at PC 0x00007FFBE1E0A839
Exception at PC 0x00007FFBE1E0A839
Exception at PC 0x00007FFBE1E0A839
Exception at PC 0x00007FFBE1E0A839
[0]  [0x00007FFB5618BB93]
[1]  [0x00007FFB5618BB93]
[2]  [0x00007FFB5618B4A1]
[3]  [0x00007FFB5618B459]
[4]  [0x00007FFB561719FE]
[5]  [0x00007FFB56170ED1]
[6]  [0x00007FFB56170D76]
[7]  [0x00007FFB561179F6]
[8]  [0x00007FFB56107AFB]
[9]  [0x00007FFB5622E90A]
[10]  [0x00007FFB56249F87]
[11]  [0x00007FFB5624A05F]
[12] (BaseThreadInitThunk+0x14) [0x00007FFBE24C7BD4]
[13] (RtlUserThreadStart+0x21) [0x00007FFBE414CED1]
Done
Exception at PC 0x00007FFBE1E0A839
Exception at PC 0x00007FFBE1E0A839
Exception at PC 0x00007FFBE1E0A839
Exception at PC 0x00007FFBE1E0A839
Exception at PC 0x00007FFBE1E0A839
Exception at PC 0x00007FFBE1E0A839
Exception at PC 0x00007FFBE1E0A839
Exception at PC 0x00007FFBE1E0A839
Exception at PC 0x00007FFBE1E0A839
Exception at PC 0x00007FFBE1E0A839
Exception at PC 0x00007FFBE1E0A839
Exception at PC 0x00007FFBE1E0A839
Exception at PC 0x00007FFBE1E0A839
Exception at PC 0x00007FFBE1E0A839
Exception at PC 0x00007FFBE1E0A839
Exception at PC 0x00007FFBE1E0A839
Exception at PC 0x00007FFBE1E0A839
Exception at PC 0x00007FFBE1E0A839
Exception at PC 0x00007FFBE1E0A839
Exception at PC 0x00007FFBE1E0A839
Exception at PC 0x00007FFBE1E0A839
Exception at PC 0x00007FFBE1E0A839
Exception at PC 0x00007FFBE1E0A839
Exception at PC 0x00007FFBE1E0A839
Exception at PC 0x00007FFBE1E0A839
Exception at PC 0x00007FFBE1E0A839
Exception at PC 0x00007FFBE1E0A839
Exception at PC 0x00007FFBE1E0A839
Exception at PC 0x00007FFBE1E0A839
Exception at PC 0x00007FFBE1E0A839
Exception at PC 0x00007FFBE1E0A839
Exception at PC 0x00007FFBE1E0A839
Exception at PC 0x00007FFBE1E0A839
Unable to capture context for thread 11548 in process 12120, can not generate back trace
Exception at PC 0x00007FFBE1E0A839
Exception at PC 0x00007FFBE1E0A839
Exception at PC 0x00007FFBE1E0A839
Exception at PC 0x00007FFBE1E0A839
Exception at PC 0x00007FFBE1E0A839
Exception at PC 0x00007FFBE1E0A839
Exception at PC 0x00007FFBE1E0A839
Exception at PC 0x00007FFBE1E0A839
Exception at PC 0x00007FFBE1E0A839
Exception at PC 0x00007FFBE1E0A839
Exception at PC 0x00007FFBE1E0A839
Exception at PC 0x00007FFBE1E0A839
Exception at PC 0x00007FFBE1E0A839
