Unable to capture context for thread 10352 in process 3764, can not generate back trace
Unable to capture context for thread 18132 in process 3764, can not generate back trace
Unable to capture context for thread 18104 in process 3764, can not generate back trace
Unable to capture context for thread 8812 in process 3764, can not generate back trace
Unable to capture context for thread 7072 in process 3764, can not generate back trace
Exception at PC 0x00007FF89B8ABB93
Printing stacktrace...

Exception at PC 0x00007FF8D7DEA799
Exception at PC 0x00007FF8D7DEA799
Exception at PC 0x00007FF8D7DEA799
Exception at PC 0x00007FF8D7DEA799
Exception at PC 0x00007FF8D7DEA799
Exception at PC 0x00007FF8D7DEA799
Exception at PC 0x00007FF8D7DEA799
Exception at PC 0x00007FF8D7DEA799
Exception at PC 0x00007FF8D7DEA799
Exception at PC 0x00007FF8D7DEA799
Exception at PC 0x00007FF8D7DEA799
Exception at PC 0x00007FF8D7DEA799
[0]  [0x00007FF89B8ABB93]
[1]  [0x00007FF89B8ABB93]
[2]  [0x00007FF89B8AB4A1]
[3]  [0x00007FF89B8AB459]
[4]  [0x00007FF89B8919FE]
[5]  [0x00007FF89B890ED1]
[6]  [0x00007FF89B890D76]
[7]  [0x00007FF89B8379F6]
[8]  [0x00007FF89B827AFB]
[9]  [0x00007FF89B94E90A]
[10]  [0x00007FF89B969F87]
[11]  [0x00007FF89B96A05F]
[12] (BaseThreadInitThunk+0x14) [0x00007FF8D91C7BD4]
[13] (RtlUserThreadStart+0x21) [0x00007FF8DAE8CE51]
Done
Exception at PC 0x00007FF8D7DEA799
Exception at PC 0x00007FF8D7DEA799
Exception at PC 0x00007FF8D7DEA799
Exception at PC 0x00007FF8D7DEA799
Exception at PC 0x00007FF8D7DEA799
Exception at PC 0x00007FF8D7DEA799
Exception at PC 0x00007FF8D7DEA799
Exception at PC 0x00007FF8D7DEA799
Exception at PC 0x00007FF8D7DEA799
Exception at PC 0x00007FF8D7DEA799
Exception at PC 0x00007FF8D7DEA799
Exception at PC 0x00007FF8D7DEA799
Exception at PC 0x00007FF8D7DEA799
Exception at PC 0x00007FF8D7DEA799
Exception at PC 0x00007FF8D7DEA799
Exception at PC 0x00007FF8D7DEA799
Exception at PC 0x00007FF8D7DEA799
Exception at PC 0x00007FF8D7DEA799
Exception at PC 0x00007FF8D7DEA799
Unable to capture context for thread 13204 in process 3764, can not generate back trace
Exception at PC 0x00007FF8D7DEA799
Exception at PC 0x00007FF8D7DEA799
Exception at PC 0x00007FF8D7DEA799
Exception at PC 0x00007FF8D7DEA799
Exception at PC 0x00007FF8D7DEA799
Exception at PC 0x00007FF8D7DEA799
Exception at PC 0x00007FF8D7DEA799
Exception at PC 0x00007FF8D7DEA799
Exception at PC 0x00007FF8D7DEA799
Exception at PC 0x00007FF8D7DEA799
Exception at PC 0x00007FF8D7DEA799
Exception at PC 0x00007FF8D7DEA799
Exception at PC 0x00007FF8D7DEA799
Exception at PC 0x00007FF8D7DEA799
Exception at PC 0x00007FF8D7DEA799
Exception at PC 0x00007FF8D7DEA799
Exception at PC 0x00007FF8D7DEA799
