Vivado Simulator 2016.4
Copyright 1986-1999, 2001-2016 Xilinx, Inc. All Rights Reserved.
Running: C:/Xilinx/Vivado/2016.4/bin/unwrapped/win64.o/xelab.exe -wto c5fc5eb9ff0f45e1b7f4df76238dc884 --debug typical --relax --mt 2 -L xil_defaultlib -L dist_mem_gen_v8_0_11 -L unisims_ver -L unimacro_ver -L secureip -L xpm --snapshot BMEM_GCD_SPI_Wrapper_tb_behav xil_defaultlib.BMEM_GCD_SPI_Wrapper_tb xil_defaultlib.glbl -log elaborate.log 
Using 2 slave threads.
Starting static elaboration
Completed static elaboration
Starting simulation data flow analysis
Completed simulation data flow analysis
Time Resolution for simulation is 1ps
Compiling module xil_defaultlib.dp
Compiling module xil_defaultlib.fsm
Compiling module xil_defaultlib.gcd_core
Compiling module xil_defaultlib.debounce
Compiling module xil_defaultlib.SPI_FSM
Compiling module dist_mem_gen_v8_0_11.dist_mem_gen_v8_0_11(C_FAMILY="z...
Compiling module xil_defaultlib.mem
Compiling module xil_defaultlib.BMEM_GCD_SPI_Wrapper
Compiling module xil_defaultlib.BMEM_GCD_SPI_Wrapper_tb
Compiling module xil_defaultlib.glbl
Built simulation snapshot BMEM_GCD_SPI_Wrapper_tb_behav
