Copyright 1986-2016 Xilinx, Inc. All Rights Reserved.
-----------------------------------------------------------------------------------------------------------------------------
| Tool Version : Vivado v.2016.4 (win64) Build 1756540 Mon Jan 23 19:11:23 MST 2017
| Date         : Fri Feb 07 18:38:41 2020
| Host         : ece-bel215-15 running 64-bit major release  (build 9200)
| Command      : report_methodology -file gcd_wrapper_methodology_drc_routed.rpt -rpx gcd_wrapper_methodology_drc_routed.rpx
| Design       : gcd_wrapper
| Device       : xc7z010clg400-1
| Speed File   : -1
| Design State : Routed
-----------------------------------------------------------------------------------------------------------------------------

Report Methodology

Table of Contents
-----------------
1. REPORT SUMMARY
2. REPORT DETAILS

1. REPORT SUMMARY
-----------------
            Netlist: netlist
          Floorplan: checkpoint_gcd_wrapper
      Design limits: <entire design considered>
             Max violations: <unlimited>
             Violations found: 30
+-----------+----------+-------------------------------+------------+
| Rule      | Severity | Description                   | Violations |
+-----------+----------+-------------------------------+------------+
| TIMING-18 | Warning  | Missing input or output delay | 2          |
| TIMING-20 | Warning  | Non-clocked latch             | 28         |
+-----------+----------+-------------------------------+------------+

2. REPORT DETAILS
-----------------
TIMING-18#1 Warning
Missing input or output delay  
An input delay is missing on btn[0] relative to clock(s) sys_clk_pin 
Related violations: <none>

TIMING-18#2 Warning
Missing input or output delay  
An input delay is missing on btn[1] relative to clock(s) sys_clk_pin 
Related violations: <none>

TIMING-20#1 Warning
Non-clocked latch  
The latch d_temp2_reg[0] cannot be properly analyzed as its control pin d_temp2_reg[0]/G is not reached by a timing clock
Related violations: <none>

TIMING-20#2 Warning
Non-clocked latch  
The latch d_temp2_reg[1] cannot be properly analyzed as its control pin d_temp2_reg[1]/G is not reached by a timing clock
Related violations: <none>

TIMING-20#3 Warning
Non-clocked latch  
The latch d_temp2_reg[2] cannot be properly analyzed as its control pin d_temp2_reg[2]/G is not reached by a timing clock
Related violations: <none>

TIMING-20#4 Warning
Non-clocked latch  
The latch d_temp2_reg[3] cannot be properly analyzed as its control pin d_temp2_reg[3]/G is not reached by a timing clock
Related violations: <none>

TIMING-20#5 Warning
Non-clocked latch  
The latch d_temp2_reg[4] cannot be properly analyzed as its control pin d_temp2_reg[4]/G is not reached by a timing clock
Related violations: <none>

TIMING-20#6 Warning
Non-clocked latch  
The latch d_temp2_reg[5] cannot be properly analyzed as its control pin d_temp2_reg[5]/G is not reached by a timing clock
Related violations: <none>

TIMING-20#7 Warning
Non-clocked latch  
The latch d_temp2_reg[6] cannot be properly analyzed as its control pin d_temp2_reg[6]/G is not reached by a timing clock
Related violations: <none>

TIMING-20#8 Warning
Non-clocked latch  
The latch d_temp2_reg[7] cannot be properly analyzed as its control pin d_temp2_reg[7]/G is not reached by a timing clock
Related violations: <none>

TIMING-20#9 Warning
Non-clocked latch  
The latch d_temp_reg[0] cannot be properly analyzed as its control pin d_temp_reg[0]/G is not reached by a timing clock
Related violations: <none>

TIMING-20#10 Warning
Non-clocked latch  
The latch d_temp_reg[1] cannot be properly analyzed as its control pin d_temp_reg[1]/G is not reached by a timing clock
Related violations: <none>

TIMING-20#11 Warning
Non-clocked latch  
The latch d_temp_reg[2] cannot be properly analyzed as its control pin d_temp_reg[2]/G is not reached by a timing clock
Related violations: <none>

TIMING-20#12 Warning
Non-clocked latch  
The latch d_temp_reg[3] cannot be properly analyzed as its control pin d_temp_reg[3]/G is not reached by a timing clock
Related violations: <none>

TIMING-20#13 Warning
Non-clocked latch  
The latch d_temp_reg[4] cannot be properly analyzed as its control pin d_temp_reg[4]/G is not reached by a timing clock
Related violations: <none>

TIMING-20#14 Warning
Non-clocked latch  
The latch d_temp_reg[5] cannot be properly analyzed as its control pin d_temp_reg[5]/G is not reached by a timing clock
Related violations: <none>

TIMING-20#15 Warning
Non-clocked latch  
The latch d_temp_reg[6] cannot be properly analyzed as its control pin d_temp_reg[6]/G is not reached by a timing clock
Related violations: <none>

TIMING-20#16 Warning
Non-clocked latch  
The latch d_temp_reg[7] cannot be properly analyzed as its control pin d_temp_reg[7]/G is not reached by a timing clock
Related violations: <none>

TIMING-20#17 Warning
Non-clocked latch  
The latch gcd_core_din_reg[0] cannot be properly analyzed as its control pin gcd_core_din_reg[0]/G is not reached by a timing clock
Related violations: <none>

TIMING-20#18 Warning
Non-clocked latch  
The latch gcd_core_din_reg[1] cannot be properly analyzed as its control pin gcd_core_din_reg[1]/G is not reached by a timing clock
Related violations: <none>

TIMING-20#19 Warning
Non-clocked latch  
The latch gcd_core_din_reg[2] cannot be properly analyzed as its control pin gcd_core_din_reg[2]/G is not reached by a timing clock
Related violations: <none>

TIMING-20#20 Warning
Non-clocked latch  
The latch gcd_core_din_reg[3] cannot be properly analyzed as its control pin gcd_core_din_reg[3]/G is not reached by a timing clock
Related violations: <none>

TIMING-20#21 Warning
Non-clocked latch  
The latch gcd_core_din_reg[4] cannot be properly analyzed as its control pin gcd_core_din_reg[4]/G is not reached by a timing clock
Related violations: <none>

TIMING-20#22 Warning
Non-clocked latch  
The latch gcd_core_din_reg[5] cannot be properly analyzed as its control pin gcd_core_din_reg[5]/G is not reached by a timing clock
Related violations: <none>

TIMING-20#23 Warning
Non-clocked latch  
The latch gcd_core_din_reg[6] cannot be properly analyzed as its control pin gcd_core_din_reg[6]/G is not reached by a timing clock
Related violations: <none>

TIMING-20#24 Warning
Non-clocked latch  
The latch gcd_core_din_reg[7] cannot be properly analyzed as its control pin gcd_core_din_reg[7]/G is not reached by a timing clock
Related violations: <none>

TIMING-20#25 Warning
Non-clocked latch  
The latch led_reg[0] cannot be properly analyzed as its control pin led_reg[0]/G is not reached by a timing clock
Related violations: <none>

TIMING-20#26 Warning
Non-clocked latch  
The latch led_reg[1] cannot be properly analyzed as its control pin led_reg[1]/G is not reached by a timing clock
Related violations: <none>

TIMING-20#27 Warning
Non-clocked latch  
The latch led_reg[2] cannot be properly analyzed as its control pin led_reg[2]/G is not reached by a timing clock
Related violations: <none>

TIMING-20#28 Warning
Non-clocked latch  
The latch led_reg[3] cannot be properly analyzed as its control pin led_reg[3]/G is not reached by a timing clock
Related violations: <none>


