Unable to capture context for thread 18364 in process 17188, can not generate back trace
Unable to capture context for thread 8824 in process 17188, can not generate back trace
Unable to capture context for thread 10484 in process 17188, can not generate back trace
Unable to capture context for thread 9032 in process 17188, can not generate back trace
Unable to capture context for thread 2488 in process 17188, can not generate back trace
Unable to capture context for thread 16616 in process 17188, can not generate back trace
Exception at PC 0x00007FF89B8ABB93
Printing stacktrace...

[0]  [0x00007FF89B8ABB93]
[1]  [0x00007FF89B8ABB93]
[2]  [0x00007FF89B8AB4A1]
[3]  [0x00007FF89B8AB459]
[4]  [0x00007FF89B8919FE]
[5]  [0x00007FF89B890ED1]
[6]  [0x00007FF89B890D76]
[7]  [0x00007FF89B8379F6]
[8]  [0x00007FF89B827AFB]
[9]  [0x00007FF89B94E90A]
[10]  [0x00007FF89B969F87]
[11]  [0x00007FF89B96A05F]
[12]  [0x00007FF8D91C7BD4]
[13]  [0x00007FF8DAE8CE51]
Done
Exception at PC 0x00007FF8D7DEA799
Exception at PC 0x00007FF8D7DEA799
Exception at PC 0x00007FF8D7DEA799
Exception at PC 0x00007FF8D7DEA799
Exception at PC 0x00007FF8D7DEA799
Exception at PC 0x00007FF8D7DEA799
Exception at PC 0x00007FF8D7DEA799
Exception at PC 0x00007FF8D7DEA799
Exception at PC 0x00007FF8D7DEA799
Exception at PC 0x00007FF8D7DEA799
Exception at PC 0x00007FF8D7DEA799
Exception at PC 0x00007FF8D7DEA799
Exception at PC 0x00007FF8D7DEA799
Exception at PC 0x00007FF8D7DEA799
Exception at PC 0x00007FF8D7DEA799
Exception at PC 0x00007FF8D7DEA799
Exception at PC 0x00007FF8D7DEA799
Exception at PC 0x00007FF8D7DEA799
Exception at PC 0x00007FF8D7DEA799
Exception at PC 0x00007FF8D7DEA799
Exception at PC 0x00007FF8D7DEA799
Exception at PC 0x00007FF8D7DEA799
Exception at PC 0x00007FF8D7DEA799
Exception at PC 0x00007FF8D7DEA799
Exception at PC 0x00007FF8D7DEA799
Exception at PC 0x00007FF8D7DEA799
Exception at PC 0x00007FF8D7DEA799
Exception at PC 0x00007FF8D7DEA799
Exception at PC 0x00007FF8D7DEA799
Exception at PC 0x00007FF8D7DEA799
Exception at PC 0x00007FF8D7DEA799
Unable to capture context for thread 15508 in process 17188, can not generate back trace
Exception at PC 0x00007FF8D7DEA799
Exception at PC 0x00007FF8D7DEA799
Exception at PC 0x00007FF8D7DEA799
Exception at PC 0x00007FF8D7DEA799
Exception at PC 0x00007FF8D7DEA799
Exception at PC 0x00007FF8D7DEA799
Exception at PC 0x00007FF8D7DEA799
Exception at PC 0x00007FF8D7DEA799
Exception at PC 0x00007FF8D7DEA799
Exception at PC 0x00007FF8D7DEA799
Exception at PC 0x00007FF8D7DEA799
Exception at PC 0x00007FF8D7DEA799
Exception at PC 0x00007FF8D7DEA799
Exception at PC 0x00007FF8D7DEA799
Exception at PC 0x00007FF8D7DEA799
Exception at PC 0x00007FF8D7DEA799
Exception at PC 0x00007FF8D7DEA799
