Vivado Simulator 2016.4
Copyright 1986-1999, 2001-2016 Xilinx, Inc. All Rights Reserved.
Running: C:/Xilinx/Vivado/2016.4/bin/unwrapped/win64.o/xelab.exe -wto edff3df42a874cdc9696ca43c00cab11 --debug typical --relax --mt 2 -L xil_defaultlib -L unisims_ver -L secureip --snapshot BMEM_GCD_SPI_Wrapper_tb_func_synth xil_defaultlib.BMEM_GCD_SPI_Wrapper_tb xil_defaultlib.glbl -log elaborate.log 
Using 2 slave threads.
Starting static elaboration
Completed static elaboration
Starting simulation data flow analysis
Completed simulation data flow analysis
Time Resolution for simulation is 1ps
Compiling module unisims_ver.LUT5
Compiling module unisims_ver.LUT4
Compiling module unisims_ver.sffsrce_fdre
Compiling module unisims_ver.FDRE
Compiling module unisims_ver.IBUF
Compiling module unisims_ver.BUFG
Compiling module unisims_ver.x_lut1_mux2
Compiling module unisims_ver.LUT1
Compiling module unisims_ver.x_lut2_mux4
Compiling module unisims_ver.LUT2
Compiling module unisims_ver.x_lut3_mux4
Compiling module unisims_ver.x_lut3_mux4_reduced_0
Compiling module unisims_ver.LUT3
Compiling module unisims_ver.OBUF
Compiling module unisims_ver.LUT6
Compiling module unisims_ver.CARRY4
Compiling module xil_defaultlib.dp
Compiling module unisims_ver.sffsrce_fdse
Compiling module unisims_ver.FDSE
Compiling module xil_defaultlib.fsm
Compiling module xil_defaultlib.gcd_core
Compiling module unisims_ver.GND
Compiling module unisims_ver.RAM32X1S
Compiling module xil_defaultlib.mem_spram
Compiling module xil_defaultlib.mem_dist_mem_gen_v8_0_11_synth
Compiling module xil_defaultlib.mem_dist_mem_gen_v8_0_11
Compiling module xil_defaultlib.mem
Compiling module xil_defaultlib.BMEM_GCD_SPI_Wrapper
Compiling module xil_defaultlib.BMEM_GCD_SPI_Wrapper_tb
Compiling module xil_defaultlib.glbl
Built simulation snapshot BMEM_GCD_SPI_Wrapper_tb_func_synth
