
*** Running vivado
    with args -log gcd_wrapper.vds -m64 -product Vivado -mode batch -messageDb vivado.pb -notrace -source gcd_wrapper.tcl


****** Vivado v2016.4 (64-bit)
  **** SW Build 1756540 on Mon Jan 23 19:11:23 MST 2017
  **** IP Build 1755317 on Mon Jan 23 20:30:07 MST 2017
    ** Copyright 1986-2016 Xilinx, Inc. All Rights Reserved.

source gcd_wrapper.tcl -notrace
Command: synth_design -top gcd_wrapper -part xc7z010clg400-1
Starting synth_design
Attempting to get a license for feature 'Synthesis' and/or device 'xc7z010'
INFO: [Common 17-349] Got license for feature 'Synthesis' and/or device 'xc7z010'
INFO: Launching helper process for spawning children vivado processes
INFO: Helper process launched with PID 44188 
---------------------------------------------------------------------------------
Starting RTL Elaboration : Time (s): cpu = 00:00:09 ; elapsed = 00:00:13 . Memory (MB): peak = 326.766 ; gain = 116.547
---------------------------------------------------------------------------------
INFO: [Synth 8-638] synthesizing module 'gcd_wrapper' [C:/Users/carlo/Downloads/lab_3/project_3/project_3.srcs/sources_1/new/gcd_wrapper.sv:14]
INFO: [Synth 8-638] synthesizing module 'debounce' [C:/Users/carlo/Downloads/lab_3/project_3/project_3.srcs/sources_1/imports/lab_3/debounce.sv:4]
INFO: [Synth 8-256] done synthesizing module 'debounce' (1#1) [C:/Users/carlo/Downloads/lab_3/project_3/project_3.srcs/sources_1/imports/lab_3/debounce.sv:4]
INFO: [Synth 8-638] synthesizing module 'gcd_core' [C:/Users/carlo/Downloads/lab_3/project_3/project_3.srcs/sources_1/imports/lab_3/gcd_core.sv:13]
INFO: [Synth 8-638] synthesizing module 'dp' [C:/Users/carlo/Downloads/lab_3/project_3/project_3.srcs/sources_1/imports/lab_3/dp.sv:14]
INFO: [Synth 8-256] done synthesizing module 'dp' (2#1) [C:/Users/carlo/Downloads/lab_3/project_3/project_3.srcs/sources_1/imports/lab_3/dp.sv:14]
INFO: [Synth 8-638] synthesizing module 'fsm' [C:/Users/carlo/Downloads/lab_3/project_3/project_3.srcs/sources_1/imports/lab_3/fsm.sv:14]
INFO: [Synth 8-155] case statement is not full and has no default [C:/Users/carlo/Downloads/lab_3/project_3/project_3.srcs/sources_1/imports/lab_3/fsm.sv:45]
INFO: [Synth 8-256] done synthesizing module 'fsm' (3#1) [C:/Users/carlo/Downloads/lab_3/project_3/project_3.srcs/sources_1/imports/lab_3/fsm.sv:14]
INFO: [Synth 8-256] done synthesizing module 'gcd_core' (4#1) [C:/Users/carlo/Downloads/lab_3/project_3/project_3.srcs/sources_1/imports/lab_3/gcd_core.sv:13]
INFO: [Synth 8-256] done synthesizing module 'gcd_wrapper' (5#1) [C:/Users/carlo/Downloads/lab_3/project_3/project_3.srcs/sources_1/new/gcd_wrapper.sv:14]
---------------------------------------------------------------------------------
Finished RTL Elaboration : Time (s): cpu = 00:00:11 ; elapsed = 00:00:14 . Memory (MB): peak = 364.086 ; gain = 153.867
---------------------------------------------------------------------------------

Report Check Netlist: 
+------+------------------+-------+---------+-------+------------------+
|      |Item              |Errors |Warnings |Status |Description       |
+------+------------------+-------+---------+-------+------------------+
|1     |multi_driven_nets |      0|        0|Passed |Multi driven nets |
+------+------------------+-------+---------+-------+------------------+
---------------------------------------------------------------------------------
Finished RTL Optimization Phase 1 : Time (s): cpu = 00:00:11 ; elapsed = 00:00:14 . Memory (MB): peak = 364.086 ; gain = 153.867
---------------------------------------------------------------------------------
INFO: [Device 21-403] Loading part xc7z010clg400-1
INFO: [Project 1-570] Preparing netlist for logic optimization

Processing XDC Constraints
Initializing timing engine
Parsing XDC File [C:/Users/carlo/Downloads/lab_3/project_3/project_3.srcs/constrs_1/imports/lab_3/ZYBO_Master.xdc]
Finished Parsing XDC File [C:/Users/carlo/Downloads/lab_3/project_3/project_3.srcs/constrs_1/imports/lab_3/ZYBO_Master.xdc]
INFO: [Project 1-236] Implementation specific constraints were found while reading constraint file [C:/Users/carlo/Downloads/lab_3/project_3/project_3.srcs/constrs_1/imports/lab_3/ZYBO_Master.xdc]. These constraints will be ignored for synthesis but will be used in implementation. Impacted constraints are listed in the file [.Xil/gcd_wrapper_propImpl.xdc].
Resolution: To avoid this warning, move constraints listed in [.Xil/gcd_wrapper_propImpl.xdc] to another XDC file and exclude this new file from synthesis with the used_in_synthesis property (File Properties dialog in GUI) and re-run elaboration/synthesis.
Completed Processing XDC Constraints

INFO: [Project 1-111] Unisim Transformation Summary:
No Unisim elements were transformed.

Constraint Validation Runtime : Time (s): cpu = 00:00:00 ; elapsed = 00:00:00 . Memory (MB): peak = 665.652 ; gain = 0.000
---------------------------------------------------------------------------------
Finished Constraint Validation : Time (s): cpu = 00:00:23 ; elapsed = 00:00:27 . Memory (MB): peak = 665.652 ; gain = 455.434
---------------------------------------------------------------------------------
---------------------------------------------------------------------------------
Start Loading Part and Timing Information
---------------------------------------------------------------------------------
Loading part: xc7z010clg400-1
---------------------------------------------------------------------------------
Finished Loading Part and Timing Information : Time (s): cpu = 00:00:23 ; elapsed = 00:00:27 . Memory (MB): peak = 665.652 ; gain = 455.434
---------------------------------------------------------------------------------
---------------------------------------------------------------------------------
Start Applying 'set_property' XDC Constraints
---------------------------------------------------------------------------------
---------------------------------------------------------------------------------
Finished applying 'set_property' XDC Constraints : Time (s): cpu = 00:00:23 ; elapsed = 00:00:28 . Memory (MB): peak = 665.652 ; gain = 455.434
---------------------------------------------------------------------------------
INFO: [Synth 8-5546] ROM "load_sreg" won't be mapped to RAM because it is too sparse
INFO: [Synth 8-5546] ROM "load_deb" won't be mapped to RAM because it is too sparse
---------------------------------------------------------------------------------
Finished RTL Optimization Phase 2 : Time (s): cpu = 00:00:23 ; elapsed = 00:00:28 . Memory (MB): peak = 665.652 ; gain = 455.434
---------------------------------------------------------------------------------

Report RTL Partitions: 
+-+--------------+------------+----------+
| |RTL Partition |Replication |Instances |
+-+--------------+------------+----------+
+-+--------------+------------+----------+
---------------------------------------------------------------------------------
Start RTL Component Statistics 
---------------------------------------------------------------------------------
Detailed RTL Component Info : 
+---Adders : 
	   3 Input      8 Bit       Adders := 2     
+---XORs : 
	   2 Input      1 Bit         XORs := 1     
+---Registers : 
	               10 Bit    Registers := 1     
	                9 Bit    Registers := 1     
	                8 Bit    Registers := 4     
	                3 Bit    Registers := 2     
	                2 Bit    Registers := 1     
	                1 Bit    Registers := 2     
+---Muxes : 
	   2 Input      8 Bit        Muxes := 3     
	   7 Input      8 Bit        Muxes := 1     
	   2 Input      4 Bit        Muxes := 2     
	   5 Input      3 Bit        Muxes := 1     
	   2 Input      3 Bit        Muxes := 1     
	   2 Input      2 Bit        Muxes := 1     
	   3 Input      1 Bit        Muxes := 1     
	   2 Input      1 Bit        Muxes := 1     
	   5 Input      1 Bit        Muxes := 8     
	   7 Input      1 Bit        Muxes := 1     
---------------------------------------------------------------------------------
Finished RTL Component Statistics 
---------------------------------------------------------------------------------
---------------------------------------------------------------------------------
Start RTL Hierarchical Component Statistics 
---------------------------------------------------------------------------------
Hierarchical RTL Component report 
Module gcd_wrapper 
Detailed RTL Component Info : 
+---Registers : 
	                8 Bit    Registers := 2     
	                3 Bit    Registers := 1     
	                1 Bit    Registers := 1     
+---Muxes : 
	   7 Input      8 Bit        Muxes := 1     
	   2 Input      8 Bit        Muxes := 1     
	   2 Input      4 Bit        Muxes := 2     
	   2 Input      3 Bit        Muxes := 1     
	   2 Input      2 Bit        Muxes := 1     
	   7 Input      1 Bit        Muxes := 1     
Module debounce 
Detailed RTL Component Info : 
+---XORs : 
	   2 Input      1 Bit         XORs := 1     
+---Registers : 
	               10 Bit    Registers := 1     
	                9 Bit    Registers := 1     
	                2 Bit    Registers := 1     
	                1 Bit    Registers := 1     
+---Muxes : 
	   3 Input      1 Bit        Muxes := 1     
	   2 Input      1 Bit        Muxes := 1     
Module dp 
Detailed RTL Component Info : 
+---Adders : 
	   3 Input      8 Bit       Adders := 2     
+---Registers : 
	                8 Bit    Registers := 2     
+---Muxes : 
	   2 Input      8 Bit        Muxes := 2     
Module fsm 
Detailed RTL Component Info : 
+---Registers : 
	                3 Bit    Registers := 1     
+---Muxes : 
	   5 Input      3 Bit        Muxes := 1     
	   5 Input      1 Bit        Muxes := 8     
---------------------------------------------------------------------------------
Finished RTL Hierarchical Component Statistics
---------------------------------------------------------------------------------
---------------------------------------------------------------------------------
Start Part Resource Summary
---------------------------------------------------------------------------------
Part Resources:
DSPs: 80 (col length:40)
BRAMs: 120 (col length: RAMB18 40 RAMB36 20)
---------------------------------------------------------------------------------
Finished Part Resource Summary
---------------------------------------------------------------------------------
---------------------------------------------------------------------------------
Start Cross Boundary and Area Optimization
---------------------------------------------------------------------------------
INFO: [Synth 8-5546] ROM "debouce1/load_sreg" won't be mapped to RAM because it is too sparse
INFO: [Synth 8-3333] propagating constant 1 across sequential element (load_reg)
WARNING: [Synth 8-3332] Sequential element (load_reg) is unused and will be removed from module gcd_wrapper.
---------------------------------------------------------------------------------
Finished Cross Boundary and Area Optimization : Time (s): cpu = 00:00:24 ; elapsed = 00:00:28 . Memory (MB): peak = 665.652 ; gain = 455.434
---------------------------------------------------------------------------------

Report RTL Partitions: 
+-+--------------+------------+----------+
| |RTL Partition |Replication |Instances |
+-+--------------+------------+----------+
+-+--------------+------------+----------+
---------------------------------------------------------------------------------
Start Timing Optimization
---------------------------------------------------------------------------------
---------------------------------------------------------------------------------
Start Applying XDC Timing Constraints
---------------------------------------------------------------------------------
---------------------------------------------------------------------------------
Finished Applying XDC Timing Constraints : Time (s): cpu = 00:00:39 ; elapsed = 00:00:45 . Memory (MB): peak = 665.652 ; gain = 455.434
---------------------------------------------------------------------------------
---------------------------------------------------------------------------------
Finished Timing Optimization : Time (s): cpu = 00:00:39 ; elapsed = 00:00:45 . Memory (MB): peak = 665.652 ; gain = 455.434
---------------------------------------------------------------------------------

Report RTL Partitions: 
+-+--------------+------------+----------+
| |RTL Partition |Replication |Instances |
+-+--------------+------------+----------+
+-+--------------+------------+----------+
---------------------------------------------------------------------------------
Start Technology Mapping
---------------------------------------------------------------------------------
---------------------------------------------------------------------------------
Finished Technology Mapping : Time (s): cpu = 00:00:39 ; elapsed = 00:00:45 . Memory (MB): peak = 665.652 ; gain = 455.434
---------------------------------------------------------------------------------

Report RTL Partitions: 
+-+--------------+------------+----------+
| |RTL Partition |Replication |Instances |
+-+--------------+------------+----------+
+-+--------------+------------+----------+
---------------------------------------------------------------------------------
Start IO Insertion
---------------------------------------------------------------------------------
---------------------------------------------------------------------------------
Start Flattening Before IO Insertion
---------------------------------------------------------------------------------
---------------------------------------------------------------------------------
Finished Flattening Before IO Insertion
---------------------------------------------------------------------------------
---------------------------------------------------------------------------------
Start Final Netlist Cleanup
---------------------------------------------------------------------------------
---------------------------------------------------------------------------------
Finished Final Netlist Cleanup
---------------------------------------------------------------------------------
---------------------------------------------------------------------------------
Finished IO Insertion : Time (s): cpu = 00:00:40 ; elapsed = 00:00:46 . Memory (MB): peak = 665.652 ; gain = 455.434
---------------------------------------------------------------------------------

Report Check Netlist: 
+------+------------------+-------+---------+-------+------------------+
|      |Item              |Errors |Warnings |Status |Description       |
+------+------------------+-------+---------+-------+------------------+
|1     |multi_driven_nets |      0|        0|Passed |Multi driven nets |
+------+------------------+-------+---------+-------+------------------+
---------------------------------------------------------------------------------
Start Renaming Generated Instances
---------------------------------------------------------------------------------
---------------------------------------------------------------------------------
Finished Renaming Generated Instances : Time (s): cpu = 00:00:40 ; elapsed = 00:00:46 . Memory (MB): peak = 665.652 ; gain = 455.434
---------------------------------------------------------------------------------

Report RTL Partitions: 
+-+--------------+------------+----------+
| |RTL Partition |Replication |Instances |
+-+--------------+------------+----------+
+-+--------------+------------+----------+
---------------------------------------------------------------------------------
Start Rebuilding User Hierarchy
---------------------------------------------------------------------------------
---------------------------------------------------------------------------------
Finished Rebuilding User Hierarchy : Time (s): cpu = 00:00:40 ; elapsed = 00:00:46 . Memory (MB): peak = 665.652 ; gain = 455.434
---------------------------------------------------------------------------------
---------------------------------------------------------------------------------
Start Renaming Generated Ports
---------------------------------------------------------------------------------
---------------------------------------------------------------------------------
Finished Renaming Generated Ports : Time (s): cpu = 00:00:40 ; elapsed = 00:00:46 . Memory (MB): peak = 665.652 ; gain = 455.434
---------------------------------------------------------------------------------
---------------------------------------------------------------------------------
Start Handling Custom Attributes
---------------------------------------------------------------------------------
---------------------------------------------------------------------------------
Finished Handling Custom Attributes : Time (s): cpu = 00:00:40 ; elapsed = 00:00:46 . Memory (MB): peak = 665.652 ; gain = 455.434
---------------------------------------------------------------------------------
---------------------------------------------------------------------------------
Start Renaming Generated Nets
---------------------------------------------------------------------------------
---------------------------------------------------------------------------------
Finished Renaming Generated Nets : Time (s): cpu = 00:00:40 ; elapsed = 00:00:46 . Memory (MB): peak = 665.652 ; gain = 455.434
---------------------------------------------------------------------------------
---------------------------------------------------------------------------------
Start Writing Synthesis Report
---------------------------------------------------------------------------------

Report BlackBoxes: 
+-+--------------+----------+
| |BlackBox name |Instances |
+-+--------------+----------+
+-+--------------+----------+

Report Cell Usage: 
+------+-------+------+
|      |Cell   |Count |
+------+-------+------+
|1     |BUFG   |     1|
|2     |CARRY4 |     5|
|3     |LUT2   |    18|
|4     |LUT4   |    19|
|5     |LUT5   |    23|
|6     |LUT6   |     7|
|7     |FDRE   |    60|
|8     |IBUF   |     7|
|9     |OBUF   |     4|
+------+-------+------+

Report Instance Areas: 
+------+------------+---------+------+
|      |Instance    |Module   |Cells |
+------+------------+---------+------+
|1     |top         |         |   144|
|2     |  debouce1  |debounce |    35|
|3     |  gcd_core1 |gcd_core |    78|
|4     |    dp1     |dp       |    53|
|5     |    fsm1    |fsm      |    25|
+------+------------+---------+------+
---------------------------------------------------------------------------------
Finished Writing Synthesis Report : Time (s): cpu = 00:00:40 ; elapsed = 00:00:46 . Memory (MB): peak = 665.652 ; gain = 455.434
---------------------------------------------------------------------------------
Synthesis finished with 0 errors, 0 critical warnings and 1 warnings.
Synthesis Optimization Runtime : Time (s): cpu = 00:00:21 ; elapsed = 00:00:29 . Memory (MB): peak = 665.652 ; gain = 112.207
Synthesis Optimization Complete : Time (s): cpu = 00:00:40 ; elapsed = 00:00:46 . Memory (MB): peak = 665.652 ; gain = 455.434
INFO: [Project 1-571] Translating synthesized netlist
INFO: [Netlist 29-17] Analyzing 12 Unisim elements for replacement
INFO: [Netlist 29-28] Unisim Transformation completed in 0 CPU seconds
INFO: [Project 1-570] Preparing netlist for logic optimization
INFO: [Opt 31-138] Pushed 0 inverter(s) to 0 load pin(s).
INFO: [Project 1-111] Unisim Transformation Summary:
No Unisim elements were transformed.

INFO: [Common 17-83] Releasing license: Synthesis
32 Infos, 1 Warnings, 0 Critical Warnings and 0 Errors encountered.
synth_design completed successfully
synth_design: Time (s): cpu = 00:00:37 ; elapsed = 00:00:39 . Memory (MB): peak = 665.652 ; gain = 426.418
INFO: [Common 17-1381] The checkpoint 'C:/Users/carlo/Downloads/lab_3/project_3/project_3.runs/synth_1/gcd_wrapper.dcp' has been generated.
report_utilization: Time (s): cpu = 00:00:00 ; elapsed = 00:00:00.016 . Memory (MB): peak = 665.652 ; gain = 0.000
INFO: [Common 17-206] Exiting Vivado at Thu Feb 06 21:14:53 2020...
