Unable to capture context for thread 13128 in process 5340, can not generate back trace
Unable to capture context for thread 11196 in process 5340, can not generate back trace
Unable to capture context for thread 2964 in process 5340, can not generate back trace
Unable to capture context for thread 12424 in process 5340, can not generate back trace
Exception at PC 0x00007FFABF05BB93
Printing stacktrace...

Exception at PC 0x00007FFB23BDA839
Exception at PC 0x00007FFB23BDA839
Exception at PC 0x00007FFB23BDA839
Exception at PC 0x00007FFB23BDA839
Exception at PC 0x00007FFB23BDA839
Exception at PC 0x00007FFB23BDA839
Exception at PC 0x00007FFB23BDA839
Exception at PC 0x00007FFB23BDA839
Exception at PC 0x00007FFB23BDA839
Exception at PC 0x00007FFB23BDA839
Exception at PC 0x00007FFB23BDA839
Exception at PC 0x00007FFB23BDA839
Exception at PC 0x00007FFB23BDA839
Exception at PC 0x00007FFB23BDA839
Exception at PC 0x00007FFB23BDA839
Exception at PC 0x00007FFB23BDA839
Exception at PC 0x00007FFB23BDA839
[0]  [0x00007FFABF05BB93]
[1]  [0x00007FFABF05BB93]
[2]  [0x00007FFABF05B4A1]
[3]  [0x00007FFABF05B459]
[4]  [0x00007FFABF0419FE]
[5]  [0x00007FFABF040ED1]
[6]  [0x00007FFABF040D76]
[7]  [0x00007FFABEFE79F6]
[8]  [0x00007FFABEFD7AFB]
[9]  [0x00007FFABF0FE90A]
[10]  [0x00007FFABF119F87]
[11]  [0x00007FFABF11A05F]
[12] (BaseThreadInitThunk+0x14) [0x00007FFB24607BD4]
[13] (RtlUserThreadStart+0x21) [0x00007FFB25E0CED1]
Done
Exception at PC 0x00007FFB23BDA839
Exception at PC 0x00007FFB23BDA839
Exception at PC 0x00007FFB23BDA839
Exception at PC 0x00007FFB23BDA839
Exception at PC 0x00007FFB23BDA839
Exception at PC 0x00007FFB23BDA839
Exception at PC 0x00007FFB23BDA839
Exception at PC 0x00007FFB23BDA839
Exception at PC 0x00007FFB23BDA839
Exception at PC 0x00007FFB23BDA839
Exception at PC 0x00007FFB23BDA839
Exception at PC 0x00007FFB23BDA839
Exception at PC 0x00007FFB23BDA839
Exception at PC 0x00007FFB23BDA839
Exception at PC 0x00007FFB23BDA839
Exception at PC 0x00007FFB23BDA839
Exception at PC 0x00007FFB23BDA839
Exception at PC 0x00007FFB23BDA839
Exception at PC 0x00007FFB23BDA839
Exception at PC 0x00007FFB23BDA839
Exception at PC 0x00007FFB23BDA839
Exception at PC 0x00007FFB23BDA839
Exception at PC 0x00007FFB23BDA839
Exception at PC 0x00007FFB23BDA839
Exception at PC 0x00007FFB23BDA839
Exception at PC 0x00007FFB23BDA839
Exception at PC 0x00007FFB23BDA839
Exception at PC 0x00007FFB23BDA839
Exception at PC 0x00007FFB23BDA839
Exception at PC 0x00007FFB23BDA839
Exception at PC 0x00007FFB23BDA839
Exception at PC 0x00007FFB23BDA839
Unable to capture context for thread 7176 in process 5340, can not generate back trace
Exception at PC 0x00007FFB23BDA839
Exception at PC 0x00007FFB23BDA839
Exception at PC 0x00007FFB23BDA839
Exception at PC 0x00007FFB23BDA839
Exception at PC 0x00007FFB23BDA839
Exception at PC 0x00007FFB23BDA839
Exception at PC 0x00007FFB23BDA839
Exception at PC 0x00007FFB23BDA839
Exception at PC 0x00007FFB23BDA839
Exception at PC 0x00007FFB23BDA839
Exception at PC 0x00007FFB23BDA839
Exception at PC 0x00007FFB23BDA839
Exception at PC 0x00007FFB23BDA839
