Vivado Simulator 2016.4
Copyright 1986-1999, 2001-2016 Xilinx, Inc. All Rights Reserved.
Running: C:/Xilinx/Vivado/2016.4/bin/unwrapped/win64.o/xelab.exe -wto edff3df42a874cdc9696ca43c00cab11 --debug typical --relax --mt 2 --maxdelay -L xil_defaultlib -L simprims_ver -L secureip --snapshot BMEM_GCD_SPI_Wrapper_tb_time_synth -transport_int_delays -pulse_r 0 -pulse_int_r 0 -pulse_e 0 -pulse_int_e 0 xil_defaultlib.BMEM_GCD_SPI_Wrapper_tb xil_defaultlib.glbl -log elaborate.log 
Using 2 slave threads.
Starting static elaboration
Completed static elaboration
Starting simulation data flow analysis
Completed simulation data flow analysis
INFO: [XSIM 43-3451] SDF backannotation process started with SDF file "BMEM_GCD_SPI_Wrapper_tb_time_synth.sdf", for root module "BMEM_GCD_SPI_Wrapper_tb/uut".
INFO: [XSIM 43-3452] SDF backannotation was successful for SDF file "BMEM_GCD_SPI_Wrapper_tb_time_synth.sdf", for root module "BMEM_GCD_SPI_Wrapper_tb/uut".
Time Resolution for simulation is 1ps
Compiling module simprims_ver.LUT4
Compiling module simprims_ver.LUT5
Compiling module simprims_ver.sffsrce_fdre
Compiling module simprims_ver.FDRE
Compiling module simprims_ver.IBUF
Compiling module simprims_ver.BUFG
Compiling module simprims_ver.x_lut1_mux2
Compiling module simprims_ver.LUT1
Compiling module simprims_ver.x_lut2_mux4
Compiling module simprims_ver.LUT2
Compiling module simprims_ver.x_lut3_mux4
Compiling module simprims_ver.x_lut3_mux4_reduced_0
Compiling module simprims_ver.LUT3
Compiling module simprims_ver.OBUF
Compiling module simprims_ver.CARRY4
Compiling module simprims_ver.LUT6
Compiling module xil_defaultlib.dp
Compiling module xil_defaultlib.fsm
Compiling module xil_defaultlib.gcd_core
Compiling module simprims_ver.GND
Compiling module simprims_ver.RAMS32
Compiling module xil_defaultlib.RAM32X1S_UNIQ_BASE_
Compiling module xil_defaultlib.RAM32X1S_HD1
Compiling module xil_defaultlib.RAM32X1S_HD2
Compiling module xil_defaultlib.RAM32X1S_HD3
Compiling module xil_defaultlib.RAM32X1S_HD4
Compiling module xil_defaultlib.RAM32X1S_HD5
Compiling module xil_defaultlib.RAM32X1S_HD6
Compiling module xil_defaultlib.RAM32X1S_HD7
Compiling module xil_defaultlib.mem_spram
Compiling module xil_defaultlib.mem_dist_mem_gen_v8_0_11_synth
Compiling module xil_defaultlib.mem_dist_mem_gen_v8_0_11
Compiling module xil_defaultlib.mem
Compiling module simprims_ver.sffsrce_fdse
Compiling module simprims_ver.FDSE
Compiling module xil_defaultlib.BMEM_GCD_SPI_Wrapper
Compiling module xil_defaultlib.BMEM_GCD_SPI_Wrapper_tb
Compiling module xil_defaultlib.glbl
Built simulation snapshot BMEM_GCD_SPI_Wrapper_tb_time_synth
