Unable to capture context for thread 20992 in process 40064, can not generate back trace
Unable to capture context for thread 7904 in process 40064, can not generate back trace
Unable to capture context for thread 8912 in process 40064, can not generate back trace
Unable to capture context for thread 14728 in process 40064, can not generate back trace
Unable to capture context for thread 21940 in process 40064, can not generate back trace
Unable to capture context for thread 39356 in process 40064, can not generate back trace
Unable to capture context for thread 28992 in process 40064, can not generate back trace
Exception at PC 0x00007FFB9262BB93
Printing stacktrace...

Exception at PC 0x00007FFBE1E0A839
Exception at PC 0x00007FFBE1E0A839
Exception at PC 0x00007FFBE1E0A839
Exception at PC 0x00007FFBE1E0A839
Exception at PC 0x00007FFBE1E0A839
Exception at PC 0x00007FFBE1E0A839
Exception at PC 0x00007FFBE1E0A839
Exception at PC 0x00007FFBE1E0A839
Exception at PC 0x00007FFBE1E0A839
Exception at PC 0x00007FFBE1E0A839
Exception at PC 0x00007FFBE1E0A839
Exception at PC 0x00007FFBE1E0A839
Exception at PC 0x00007FFBE1E0A839
Exception at PC 0x00007FFBE1E0A839
Exception at PC 0x00007FFBE1E0A839
Exception at PC 0x00007FFBE1E0A839
Exception at PC 0x00007FFBE1E0A839
Exception at PC 0x00007FFBE1E0A839
Exception at PC 0x00007FFBE1E0A839
[0]  [0x00007FFB9262BB93]
[1]  [0x00007FFB9262BB93]
[2]  [0x00007FFB9262B4A1]
[3]  [0x00007FFB9262B459]
[4]  [0x00007FFB926119FE]
[5]  [0x00007FFB92610ED1]
[6]  [0x00007FFB92610D76]
[7]  [0x00007FFB925B79F6]
[8]  [0x00007FFB925A7AFB]
[9]  [0x00007FFB926CE90A]
[10]  [0x00007FFB926E9F87]
[11]  [0x00007FFB926EA05F]
[12] (BaseThreadInitThunk+0x14) [0x00007FFBE24C7BD4]
[13] (RtlUserThreadStart+0x21) [0x00007FFBE414CED1]
Done
Exception at PC 0x00007FFBE1E0A839
Exception at PC 0x00007FFBE1E0A839
Exception at PC 0x00007FFBE1E0A839
Exception at PC 0x00007FFBE1E0A839
Exception at PC 0x00007FFBE1E0A839
Exception at PC 0x00007FFBE1E0A839
Exception at PC 0x00007FFBE1E0A839
Exception at PC 0x00007FFBE1E0A839
Exception at PC 0x00007FFBE1E0A839
Exception at PC 0x00007FFBE1E0A839
Exception at PC 0x00007FFBE1E0A839
Exception at PC 0x00007FFBE1E0A839
Exception at PC 0x00007FFBE1E0A839
Exception at PC 0x00007FFBE1E0A839
Exception at PC 0x00007FFBE1E0A839
Exception at PC 0x00007FFBE1E0A839
Exception at PC 0x00007FFBE1E0A839
Exception at PC 0x00007FFBE1E0A839
Exception at PC 0x00007FFBE1E0A839
Exception at PC 0x00007FFBE1E0A839
Exception at PC 0x00007FFBE1E0A839
Exception at PC 0x00007FFBE1E0A839
Exception at PC 0x00007FFBE1E0A839
Exception at PC 0x00007FFBE1E0A839
Exception at PC 0x00007FFBE1E0A839
Exception at PC 0x00007FFBE1E0A839
Exception at PC 0x00007FFBE1E0A839
Exception at PC 0x00007FFBE1E0A839
Exception at PC 0x00007FFBE1E0A839
Exception at PC 0x00007FFBE1E0A839
Unable to capture context for thread 43224 in process 40064, can not generate back trace
Exception at PC 0x00007FFBE1E0A839
Exception at PC 0x00007FFBE1E0A839
Exception at PC 0x00007FFBE1E0A839
Exception at PC 0x00007FFBE1E0A839
Exception at PC 0x00007FFBE1E0A839
Exception at PC 0x00007FFBE1E0A839
Exception at PC 0x00007FFBE1E0A839
Exception at PC 0x00007FFBE1E0A839
Exception at PC 0x00007FFBE1E0A839
Exception at PC 0x00007FFBE1E0A839
Exception at PC 0x00007FFBE1E0A839
Exception at PC 0x00007FFBE1E0A839
Exception at PC 0x00007FFBE1E0A839
