
*** Running vivado
    with args -log mem.vds -m64 -product Vivado -mode batch -messageDb vivado.pb -notrace -source mem.tcl


****** Vivado v2016.4 (64-bit)
  **** SW Build 1756540 on Mon Jan 23 19:11:23 MST 2017
  **** IP Build 1755317 on Mon Jan 23 20:30:07 MST 2017
    ** Copyright 1986-2016 Xilinx, Inc. All Rights Reserved.

source mem.tcl -notrace
Starting RTL Elaboration : Time (s): cpu = 00:00:08 ; elapsed = 00:00:11 . Memory (MB): peak = 336.746 ; gain = 127.016
INFO: [Synth 8-638] synthesizing module 'mem' [c:/Users/carlo/Downloads/project_5_2/project_5_2.srcs/sources_1/ip/mem/synth/mem.vhd:69]
INFO: [Synth 8-256] done synthesizing module 'mem' (4#1) [c:/Users/carlo/Downloads/project_5_2/project_5_2.srcs/sources_1/ip/mem/synth/mem.vhd:69]
Finished RTL Elaboration : Time (s): cpu = 00:00:09 ; elapsed = 00:00:13 . Memory (MB): peak = 375.293 ; gain = 165.563
Finished RTL Optimization Phase 1 : Time (s): cpu = 00:00:09 ; elapsed = 00:00:13 . Memory (MB): peak = 375.293 ; gain = 165.563
INFO: [Device 21-403] Loading part xc7z010clg400-1
Constraint Validation Runtime : Time (s): cpu = 00:00:00 ; elapsed = 00:00:00.010 . Memory (MB): peak = 635.746 ; gain = 0.000
Finished Constraint Validation : Time (s): cpu = 00:00:17 ; elapsed = 00:00:23 . Memory (MB): peak = 635.746 ; gain = 426.016
Finished Loading Part and Timing Information : Time (s): cpu = 00:00:17 ; elapsed = 00:00:23 . Memory (MB): peak = 635.746 ; gain = 426.016
Finished applying 'set_property' XDC Constraints : Time (s): cpu = 00:00:17 ; elapsed = 00:00:23 . Memory (MB): peak = 635.746 ; gain = 426.016
Finished RTL Optimization Phase 2 : Time (s): cpu = 00:00:17 ; elapsed = 00:00:23 . Memory (MB): peak = 635.746 ; gain = 426.016
Finished Cross Boundary and Area Optimization : Time (s): cpu = 00:00:18 ; elapsed = 00:00:23 . Memory (MB): peak = 635.746 ; gain = 426.016
---------------------------------------------------------------------------------
Start ROM, RAM, DSP and Shift Register Reporting
---------------------------------------------------------------------------------

Distributed RAM: Preliminary Mapping  Report (see note below)
+---------------------+-----------------------------------------------------------+----------------+----------------------+----------------+
|Module Name          | RTL Object                                                | Inference      | Size (Depth x Width) | Primitives     | 
+---------------------+-----------------------------------------------------------+----------------+----------------------+----------------+
|dist_mem_gen_v8_0_11 | synth_options.dist_mem_inst/gen_sp_ram.spram_inst/ram_reg | User Attribute | 32 x 8               | RAM32X1S x 8   | 
+---------------------+-----------------------------------------------------------+----------------+----------------------+----------------+

Note: The table above is a preliminary report that shows the Distributed RAMs at the current stage of the synthesis flow. Some Distributed RAMs may be reimplemented as non Distributed RAM primitives later in the synthesis flow. Multiple instantiated RAMs are reported only once.
---------------------------------------------------------------------------------
Finished ROM, RAM, DSP and Shift Register Reporting
---------------------------------------------------------------------------------
Finished Applying XDC Timing Constraints : Time (s): cpu = 00:00:28 ; elapsed = 00:00:34 . Memory (MB): peak = 635.746 ; gain = 426.016
Finished Timing Optimization : Time (s): cpu = 00:00:28 ; elapsed = 00:00:34 . Memory (MB): peak = 635.746 ; gain = 426.016
Finished Technology Mapping : Time (s): cpu = 00:00:28 ; elapsed = 00:00:34 . Memory (MB): peak = 640.438 ; gain = 430.707
Finished IO Insertion : Time (s): cpu = 00:00:28 ; elapsed = 00:00:35 . Memory (MB): peak = 640.438 ; gain = 430.707
Finished Renaming Generated Instances : Time (s): cpu = 00:00:28 ; elapsed = 00:00:35 . Memory (MB): peak = 640.438 ; gain = 430.707
Finished Rebuilding User Hierarchy : Time (s): cpu = 00:00:28 ; elapsed = 00:00:35 . Memory (MB): peak = 640.438 ; gain = 430.707
Finished Renaming Generated Ports : Time (s): cpu = 00:00:28 ; elapsed = 00:00:35 . Memory (MB): peak = 640.438 ; gain = 430.707
Finished Handling Custom Attributes : Time (s): cpu = 00:00:28 ; elapsed = 00:00:35 . Memory (MB): peak = 640.438 ; gain = 430.707
Finished Renaming Generated Nets : Time (s): cpu = 00:00:28 ; elapsed = 00:00:35 . Memory (MB): peak = 640.438 ; gain = 430.707

Report Cell Usage: 
+------+---------+------+
|      |Cell     |Count |
+------+---------+------+
|1     |RAM32X1S |     8|
|2     |FDRE     |     8|
+------+---------+------+
Finished Writing Synthesis Report : Time (s): cpu = 00:00:28 ; elapsed = 00:00:35 . Memory (MB): peak = 640.438 ; gain = 430.707
synth_design: Time (s): cpu = 00:00:26 ; elapsed = 00:00:29 . Memory (MB): peak = 653.527 ; gain = 392.125
