12:52:14 INFO  : Registering command handlers for SDK TCF services
12:52:15 INFO  : Launching XSCT server: xsct.bat -interactive C:\Users\carlo\Downloads\project_9\led_controller\led_controller.sdk\temp_xsdb_launch_script.tcl
12:52:20 INFO  : XSCT server has started successfully.
12:52:22 INFO  : Successfully done setting XSCT server connection channel  
12:52:22 INFO  : Successfully done setting SDK workspace  
12:52:22 INFO  : Processing command line option -hwspec C:/Users/carlo/Downloads/project_9/led_controller/led_controller.sdk/led_test_system_wrapper.hdf.
13:06:03 INFO  : Saving repository preferences.
13:06:03 INFO  : Reading in cores from local repositories: 
		 C:\Users\carlo\Downloads\project_9\ip_repo\led_controller_1.0
13:06:03 INFO  : Cleaning BSP projects in the workspace.
13:10:43 INFO  : No changes in MSS file content so not generating sources.
14:47:03 INFO  : Launching XSCT server: xsct.bat -interactive C:\Users\carlo\Downloads\project_9\led_controller\led_controller.sdk\temp_xsdb_launch_script.tcl
14:47:06 INFO  : XSCT server has started successfully.
14:47:06 INFO  : Successfully done setting XSCT server connection channel  
14:47:07 INFO  : Successfully done setting SDK workspace  
14:47:07 INFO  : Restoring local repository preferences: 
		 C:\Users\carlo\Downloads\project_9\ip_repo\led_controller_1.0
14:47:12 INFO  : Registering command handlers for SDK TCF services
14:47:12 INFO  : Processing command line option -hwspec C:/Users/carlo/Downloads/project_9/led_controller/led_controller.sdk/led_test_system_wrapper.hdf.
14:47:14 INFO  : Checking for hwspec changes in the project led_test_system_wrapper_hw_platform_0.
