Unable to capture context for thread 9272 in process 8224, can not generate back trace
Unable to capture context for thread 5008 in process 8224, can not generate back trace
Unable to capture context for thread 11124 in process 8224, can not generate back trace
Unable to capture context for thread 7684 in process 8224, can not generate back trace
Unable to capture context for thread 7176 in process 8224, can not generate back trace
Exception at PC 0x00007FFB87E2BB93
Printing stacktrace...

Exception at PC 0x00007FFC1408A839
Exception at PC 0x00007FFC1408A839
Exception at PC 0x00007FFC1408A839
Exception at PC 0x00007FFC1408A839
Exception at PC 0x00007FFC1408A839
Exception at PC 0x00007FFC1408A839
Exception at PC 0x00007FFC1408A839
Exception at PC 0x00007FFC1408A839
Exception at PC 0x00007FFC1408A839
Exception at PC 0x00007FFC1408A839
Exception at PC 0x00007FFC1408A839
Exception at PC 0x00007FFC1408A839
Exception at PC 0x00007FFC1408A839
Exception at PC 0x00007FFC1408A839
Exception at PC 0x00007FFC1408A839
Exception at PC 0x00007FFC1408A839
Exception at PC 0x00007FFC1408A839
[0]  [0x00007FFB87E2BB93]
[1]  [0x00007FFB87E2BB93]
[2]  [0x00007FFB87E2B4A1]
[3]  [0x00007FFB87E2B459]
[4]  [0x00007FFB87E119FE]
[5]  [0x00007FFB87E10ED1]
[6]  [0x00007FFB87E10D76]
[7]  [0x00007FFB87DB79F6]
[8]  [0x00007FFB87DA7AFB]
[9]  [0x00007FFB87ECE90A]
[10]  [0x00007FFB87EE9F87]
[11]  [0x00007FFB87EEA05F]
[12] (BaseThreadInitThunk+0x14) [0x00007FFC15737BD4]
[13] (RtlUserThreadStart+0x21) [0x00007FFC167CCED1]
Done
Exception at PC 0x00007FFC1408A839
Exception at PC 0x00007FFC1408A839
Exception at PC 0x00007FFC1408A839
Exception at PC 0x00007FFC1408A839
Exception at PC 0x00007FFC1408A839
Exception at PC 0x00007FFC1408A839
Exception at PC 0x00007FFC1408A839
Exception at PC 0x00007FFC1408A839
Exception at PC 0x00007FFC1408A839
Exception at PC 0x00007FFC1408A839
Exception at PC 0x00007FFC1408A839
Exception at PC 0x00007FFC1408A839
Exception at PC 0x00007FFC1408A839
Exception at PC 0x00007FFC1408A839
Exception at PC 0x00007FFC1408A839
Exception at PC 0x00007FFC1408A839
Exception at PC 0x00007FFC1408A839
Exception at PC 0x00007FFC1408A839
Exception at PC 0x00007FFC1408A839
Exception at PC 0x00007FFC1408A839
Exception at PC 0x00007FFC1408A839
Exception at PC 0x00007FFC1408A839
Exception at PC 0x00007FFC1408A839
Exception at PC 0x00007FFC1408A839
Exception at PC 0x00007FFC1408A839
Exception at PC 0x00007FFC1408A839
Exception at PC 0x00007FFC1408A839
Exception at PC 0x00007FFC1408A839
Exception at PC 0x00007FFC1408A839
Exception at PC 0x00007FFC1408A839
Exception at PC 0x00007FFC1408A839
Exception at PC 0x00007FFC1408A839
Unable to capture context for thread 3240 in process 8224, can not generate back trace
Exception at PC 0x00007FFC1408A839
Exception at PC 0x00007FFC1408A839
Exception at PC 0x00007FFC1408A839
Exception at PC 0x00007FFC1408A839
Exception at PC 0x00007FFC1408A839
Exception at PC 0x00007FFC1408A839
Exception at PC 0x00007FFC1408A839
Exception at PC 0x00007FFC1408A839
Exception at PC 0x00007FFC1408A839
Exception at PC 0x00007FFC1408A839
Exception at PC 0x00007FFC1408A839
Exception at PC 0x00007FFC1408A839
Exception at PC 0x00007FFC1408A839
