Unable to capture context for thread 1508 in process 12480, can not generate back trace
Unable to capture context for thread 12756 in process 12480, can not generate back trace
Unable to capture context for thread 15012 in process 12480, can not generate back trace
Unable to capture context for thread 1784 in process 12480, can not generate back trace
Unable to capture context for thread 4612 in process 12480, can not generate back trace
Unable to capture context for thread 8148 in process 12480, can not generate back trace
Exception at PC 0x00007FF8CD0FBB93
Printing stacktrace...

Exception at PC 0x00007FF95A92A839
Exception at PC 0x00007FF95A92A839
Exception at PC 0x00007FF95A92A839
Exception at PC 0x00007FF95A92A839
Exception at PC 0x00007FF95A92A839
Exception at PC 0x00007FF95A92A839
Exception at PC 0x00007FF95A92A839
Exception at PC 0x00007FF95A92A839
Exception at PC 0x00007FF95A92A839
Exception at PC 0x00007FF95A92A839
Exception at PC 0x00007FF95A92A839
Exception at PC 0x00007FF95A92A839
Exception at PC 0x00007FF95A92A839
Exception at PC 0x00007FF95A92A839
Exception at PC 0x00007FF95A92A839
Exception at PC 0x00007FF95A92A839
[0]  [0x00007FF8CD0FBB93]
[1]  [0x00007FF8CD0FBB93]
[2]  [0x00007FF8CD0FB4A1]
[3]  [0x00007FF8CD0FB459]
[4]  [0x00007FF8CD0E19FE]
[5]  [0x00007FF8CD0E0ED1]
[6]  [0x00007FF8CD0E0D76]
[7]  [0x00007FF8CD0879F6]
[8]  [0x00007FF8CD077AFB]
[9]  [0x00007FF8CD19E90A]
[10]  [0x00007FF8CD1B9F87]
[11]  [0x00007FF8CD1BA05F]
[12] (BaseThreadInitThunk+0x14) [0x00007FF95BBC7BD4]
[13] (RtlUserThreadStart+0x21) [0x00007FF95CBACED1]
Done
Exception at PC 0x00007FF95A92A839
Exception at PC 0x00007FF95A92A839
Exception at PC 0x00007FF95A92A839
Exception at PC 0x00007FF95A92A839
Exception at PC 0x00007FF95A92A839
Exception at PC 0x00007FF95A92A839
Exception at PC 0x00007FF95A92A839
Exception at PC 0x00007FF95A92A839
Exception at PC 0x00007FF95A92A839
Exception at PC 0x00007FF95A92A839
Exception at PC 0x00007FF95A92A839
Exception at PC 0x00007FF95A92A839
Exception at PC 0x00007FF95A92A839
Exception at PC 0x00007FF95A92A839
Exception at PC 0x00007FF95A92A839
Exception at PC 0x00007FF95A92A839
Exception at PC 0x00007FF95A92A839
Exception at PC 0x00007FF95A92A839
Exception at PC 0x00007FF95A92A839
Exception at PC 0x00007FF95A92A839
Exception at PC 0x00007FF95A92A839
Exception at PC 0x00007FF95A92A839
Exception at PC 0x00007FF95A92A839
Exception at PC 0x00007FF95A92A839
Exception at PC 0x00007FF95A92A839
Exception at PC 0x00007FF95A92A839
Exception at PC 0x00007FF95A92A839
Exception at PC 0x00007FF95A92A839
Exception at PC 0x00007FF95A92A839
Exception at PC 0x00007FF95A92A839
Exception at PC 0x00007FF95A92A839
Exception at PC 0x00007FF95A92A839
Unable to capture context for thread 5968 in process 12480, can not generate back trace
Exception at PC 0x00007FF95A92A839
Exception at PC 0x00007FF95A92A839
Exception at PC 0x00007FF95A92A839
Exception at PC 0x00007FF95A92A839
Exception at PC 0x00007FF95A92A839
Exception at PC 0x00007FF95A92A839
Exception at PC 0x00007FF95A92A839
Exception at PC 0x00007FF95A92A839
Exception at PC 0x00007FF95A92A839
Exception at PC 0x00007FF95A92A839
Exception at PC 0x00007FF95A92A839
Exception at PC 0x00007FF95A92A839
Exception at PC 0x00007FF95A92A839
