Vivado Simulator 2016.4
Copyright 1986-1999, 2001-2016 Xilinx, Inc. All Rights Reserved.
Running: C:/Xilinx/Vivado/2016.4/bin/unwrapped/win64.o/xelab.exe -wto 4880e8d4561a4983b9934fde9972101d --debug typical --relax --mt 2 -L xil_defaultlib -L unisims_ver -L secureip --snapshot gcd_wrapper_tb_func_synth xil_defaultlib.gcd_wrapper_tb xil_defaultlib.glbl -log elaborate.log 
Using 2 slave threads.
Starting static elaboration
Completed static elaboration
Starting simulation data flow analysis
Completed simulation data flow analysis
Time Resolution for simulation is 1ps
Compiling module unisims_ver.IBUF
Compiling module unisims_ver.BUFG
Compiling module unisims_ver.sffsrce_fdre
Compiling module unisims_ver.FDRE
Compiling module unisims_ver.LUT5
Compiling module unisims_ver.LUT6
Compiling module unisims_ver.LUT4
Compiling module unisims_ver.x_lut2_mux4
Compiling module unisims_ver.LUT2
Compiling module xil_defaultlib.debounce
Compiling module unisims_ver.CARRY4
Compiling module xil_defaultlib.dp
Compiling module xil_defaultlib.fsm
Compiling module xil_defaultlib.gcd_core
Compiling module unisims_ver.OBUF
Compiling module xil_defaultlib.gcd_wrapper
Compiling module xil_defaultlib.gcd_wrapper_tb
Compiling module xil_defaultlib.glbl
Built simulation snapshot gcd_wrapper_tb_func_synth
