Vivado Simulator 2016.4
Copyright 1986-1999, 2001-2016 Xilinx, Inc. All Rights Reserved.
Running: C:/Xilinx/Vivado/2016.4/bin/unwrapped/win64.o/xelab.exe -wto 81cb9d459816466b831f9b6a93624255 --debug typical --relax --mt 2 --maxdelay -L xil_defaultlib -L simprims_ver -L secureip --snapshot memory_cir_wrapper_tb_time_synth -transport_int_delays -pulse_r 0 -pulse_int_r 0 -pulse_e 0 -pulse_int_e 0 xil_defaultlib.memory_cir_wrapper_tb xil_defaultlib.glbl -log elaborate.log 
Using 2 slave threads.
Starting static elaboration
Completed static elaboration
Starting simulation data flow analysis
Completed simulation data flow analysis
INFO: [XSIM 43-3451] SDF backannotation process started with SDF file "memory_cir_wrapper_tb_time_synth.sdf", for root module "memory_cir_wrapper_tb/uut".
INFO: [XSIM 43-3452] SDF backannotation was successful for SDF file "memory_cir_wrapper_tb_time_synth.sdf", for root module "memory_cir_wrapper_tb/uut".
Time Resolution for simulation is 1ps
Compiling module simprims_ver.BUFG
Compiling module simprims_ver.IBUF
Compiling module simprims_ver.x_lut1_mux2
Compiling module simprims_ver.LUT1
Compiling module simprims_ver.x_lut2_mux4
Compiling module simprims_ver.LUT2
Compiling module simprims_ver.x_lut3_mux4
Compiling module simprims_ver.x_lut3_mux4_reduced_0
Compiling module simprims_ver.LUT3
Compiling module simprims_ver.LUT4
Compiling module simprims_ver.sffsrce_fdre
Compiling module simprims_ver.FDRE
Compiling module simprims_ver.OBUF
Compiling module simprims_ver.GND
Compiling module simprims_ver.RAMS32
Compiling module xil_defaultlib.RAM32X1S_UNIQ_BASE_
Compiling module xil_defaultlib.RAM32X1S_HD3
Compiling module xil_defaultlib.memspram
Compiling module xil_defaultlib.memdist_mem_gen_v8_0_11_synth
Compiling module xil_defaultlib.memdist_mem_gen_v8_0_11
Compiling module xil_defaultlib.mem
Compiling module xil_defaultlib.mem_cir_wrapper
Compiling module xil_defaultlib.memory_cir_wrapper_tb
Compiling module xil_defaultlib.glbl
Built simulation snapshot memory_cir_wrapper_tb_time_synth
