Vivado Simulator 2016.4
Copyright 1986-1999, 2001-2016 Xilinx, Inc. All Rights Reserved.
Running: C:/Xilinx/Vivado/2016.4/bin/unwrapped/win64.o/xelab.exe -wto 533fa916feab4307af6942796405f2c3 --debug typical --relax --mt 2 --maxdelay -L xil_defaultlib -L simprims_ver -L secureip --snapshot fact_co_processor_wrapper_tb_time_synth -transport_int_delays -pulse_r 0 -pulse_int_r 0 -pulse_e 0 -pulse_int_e 0 xil_defaultlib.fact_co_processor_wrapper_tb xil_defaultlib.glbl -log elaborate.log 
Using 2 slave threads.
Starting static elaboration
Completed static elaboration
Starting simulation data flow analysis
Completed simulation data flow analysis
INFO: [XSIM 43-3451] SDF backannotation process started with SDF file "fact_co_processor_wrapper_tb_time_synth.sdf", for root module "fact_co_processor_wrapper_tb/uut".
INFO: [XSIM 43-3452] SDF backannotation was successful for SDF file "fact_co_processor_wrapper_tb_time_synth.sdf", for root module "fact_co_processor_wrapper_tb/uut".
Time Resolution for simulation is 1ps
Compiling module simprims_ver.BUFG
Compiling module simprims_ver.IBUF
Compiling module simprims_ver.OBUF
Compiling module simprims_ver.x_lut2_mux4
Compiling module simprims_ver.LUT2
Compiling module simprims_ver.x_lut3_mux4
Compiling module simprims_ver.x_lut3_mux4_reduced_0
Compiling module simprims_ver.LUT3
Compiling module simprims_ver.LUT5
Compiling module simprims_ver.LUT6
Compiling module simprims_ver.LUT4
Compiling module simprims_ver.sffsrce_fdse
Compiling module simprims_ver.FDSE
Compiling module simprims_ver.sffsrce_fdre
Compiling module simprims_ver.FDRE
Compiling module simprims_ver.CARRY4
Compiling module simprims_ver.x_lut1_mux2
Compiling module simprims_ver.LUT1
Compiling module xil_defaultlib.fact_machine_wrapper
Compiling module xil_defaultlib.pulse_sync
Compiling module xil_defaultlib.pulse_sync_0
Compiling module simprims_ver.SRL16E
Compiling module xil_defaultlib.pulse_sync_1
Compiling module xil_defaultlib.fact_co_processor_wrapper
Compiling module xil_defaultlib.fact_co_processor_wrapper_tb
Compiling module xil_defaultlib.glbl
Built simulation snapshot fact_co_processor_wrapper_tb_time_synth
